<?xml version="1.0" encoding="UTF-8"?>
<coverage generated="1600931744155" clover="3.2.0">
  <project timestamp="1600931744155" name="All files">
    <metrics statements="264" coveredstatements="260" conditionals="117" coveredconditionals="98" methods="75" coveredmethods="72" elements="456" coveredelements="430" complexity="0" loc="264" ncloc="264" packages="6" files="9" classes="9"/>
    <package name="src">
      <metrics statements="145" coveredstatements="145" conditionals="66" coveredconditionals="58" methods="30" coveredmethods="30"/>
      <file name="index.js" path="D:\iCargo Neo Repo - Filter\icargo-neo-client-framework\packages\common\filter\src\index.js">
        <metrics statements="145" coveredstatements="145" conditionals="66" coveredconditionals="58" methods="30" coveredmethods="30"/>
        <line num="13" count="91" type="stmt"/>
        <line num="14" count="91" type="stmt"/>
        <line num="15" count="91" type="stmt"/>
        <line num="16" count="91" type="stmt"/>
        <line num="17" count="91" type="stmt"/>
        <line num="18" count="91" type="stmt"/>
        <line num="19" count="91" type="stmt"/>
        <line num="20" count="91" type="stmt"/>
        <line num="21" count="91" type="stmt"/>
        <line num="24" count="91" type="stmt"/>
        <line num="25" count="91" type="stmt"/>
        <line num="27" count="91" type="stmt"/>
        <line num="28" count="15" type="stmt"/>
        <line num="30" count="91" type="stmt"/>
        <line num="31" count="36" type="stmt"/>
        <line num="32" count="36" type="stmt"/>
        <line num="33" count="36" type="stmt"/>
        <line num="35" count="36" type="cond" truecount="2" falsecount="0"/>
        <line num="36" count="18" type="stmt"/>
        <line num="43" count="91" type="stmt"/>
        <line num="45" count="15" type="stmt"/>
        <line num="51" count="91" type="stmt"/>
        <line num="53" count="4" type="stmt"/>
        <line num="60" count="91" type="stmt"/>
        <line num="61" count="5" type="cond" truecount="2" falsecount="0"/>
        <line num="62" count="1" type="stmt"/>
        <line num="63" count="1" type="stmt"/>
        <line num="65" count="4" type="stmt"/>
        <line num="74" count="91" type="stmt"/>
        <line num="75" count="5" type="stmt"/>
        <line num="76" count="5" type="stmt"/>
        <line num="78" count="5" type="stmt"/>
        <line num="81" count="5" type="stmt"/>
        <line num="82" count="7" type="stmt"/>
        <line num="84" count="5" type="stmt"/>
        <line num="85" count="5" type="stmt"/>
        <line num="86" count="5" type="stmt"/>
        <line num="87" count="7" type="cond" truecount="2" falsecount="2"/>
        <line num="88" count="7" type="stmt"/>
        <line num="91" count="5" type="cond" truecount="1" falsecount="1"/>
        <line num="92" count="5" type="stmt"/>
        <line num="100" count="91" type="stmt"/>
        <line num="101" count="1" type="stmt"/>
        <line num="102" count="1" type="stmt"/>
        <line num="103" count="1" type="stmt"/>
        <line num="104" count="1" type="stmt"/>
        <line num="107" count="1" type="stmt"/>
        <line num="108" count="21" type="stmt"/>
        <line num="109" count="21" type="cond" truecount="2" falsecount="0"/>
        <line num="110" count="2" type="stmt"/>
        <line num="111" count="10" type="stmt"/>
        <line num="115" count="1" type="stmt"/>
        <line num="116" count="1" type="stmt"/>
        <line num="117" count="1" type="stmt"/>
        <line num="118" count="1" type="stmt"/>
        <line num="134" count="91" type="stmt"/>
        <line num="144" count="4" type="stmt"/>
        <line num="145" count="4" type="stmt"/>
        <line num="146" count="4" type="stmt"/>
        <line num="147" count="4" type="stmt"/>
        <line num="148" count="4" type="stmt"/>
        <line num="150" count="4" type="stmt"/>
        <line num="151" count="4" type="stmt"/>
        <line num="158" count="4" type="stmt"/>
        <line num="159" count="84" type="cond" truecount="2" falsecount="0"/>
        <line num="160" count="4" type="stmt"/>
        <line num="161" count="4" type="stmt"/>
        <line num="162" count="20" type="cond" truecount="2" falsecount="0"/>
        <line num="163" count="4" type="stmt"/>
        <line num="168" count="4" type="cond" truecount="2" falsecount="0"/>
        <line num="169" count="1" type="stmt"/>
        <line num="170" count="1" type="cond" truecount="2" falsecount="0"/>
        <line num="172" count="1" type="cond" truecount="1" falsecount="1"/>
        <line num="173" count="1" type="stmt"/>
        <line num="189" count="3" type="stmt"/>
        <line num="204" count="4" type="stmt"/>
        <line num="218" count="91" type="stmt"/>
        <line num="227" count="12" type="stmt"/>
        <line num="228" count="12" type="stmt"/>
        <line num="229" count="12" type="stmt"/>
        <line num="230" count="12" type="stmt"/>
        <line num="231" count="12" type="stmt"/>
        <line num="239" count="12" type="stmt"/>
        <line num="240" count="252" type="cond" truecount="2" falsecount="0"/>
        <line num="241" count="12" type="stmt"/>
        <line num="244" count="12" type="stmt"/>
        <line num="245" count="12" type="cond" truecount="2" falsecount="0"/>
        <line num="246" count="7" type="stmt"/>
        <line num="247" count="17" type="cond" truecount="2" falsecount="0"/>
        <line num="249" count="7" type="cond" truecount="2" falsecount="0"/>
        <line num="250" count="6" type="stmt"/>
        <line num="265" count="5" type="stmt"/>
        <line num="279" count="12" type="stmt"/>
        <line num="285" count="91" type="stmt"/>
        <line num="286" count="2" type="stmt"/>
        <line num="287" count="2" type="cond" truecount="1" falsecount="1"/>
        <line num="288" count="2" type="stmt"/>
        <line num="289" count="42" type="cond" truecount="2" falsecount="0"/>
        <line num="291" count="2" type="cond" truecount="2" falsecount="0"/>
        <line num="292" count="1" type="stmt"/>
        <line num="293" count="21" type="cond" truecount="2" falsecount="0"/>
        <line num="294" count="1" type="stmt"/>
        <line num="295" count="5" type="cond" truecount="2" falsecount="0"/>
        <line num="296" count="1" type="stmt"/>
        <line num="302" count="2" type="stmt"/>
        <line num="303" count="2" type="stmt"/>
        <line num="304" count="2" type="stmt"/>
        <line num="311" count="91" type="stmt"/>
        <line num="312" count="2" type="stmt"/>
        <line num="313" count="2" type="stmt"/>
        <line num="314" count="4" type="cond" truecount="2" falsecount="0"/>
        <line num="315" count="2" type="cond" truecount="2" falsecount="0"/>
        <line num="316" count="1" type="stmt"/>
        <line num="318" count="1" type="stmt"/>
        <line num="320" count="2" type="cond" truecount="2" falsecount="0"/>
        <line num="321" count="1" type="stmt"/>
        <line num="323" count="1" type="stmt"/>
        <line num="327" count="2" type="stmt"/>
        <line num="334" count="91" type="stmt"/>
        <line num="335" count="5" type="stmt"/>
        <line num="338" count="5" type="cond" truecount="2" falsecount="0"/>
        <line num="344" count="4" type="stmt"/>
        <line num="346" count="5" type="stmt"/>
        <line num="353" count="91" type="stmt"/>
        <line num="354" count="4" type="stmt"/>
        <line num="357" count="4" type="cond" truecount="2" falsecount="0"/>
        <line num="358" count="3" type="cond" truecount="1" falsecount="1"/>
        <line num="368" count="3" type="stmt"/>
        <line num="369" count="3" type="stmt"/>
        <line num="371" count="1" type="cond" truecount="1" falsecount="1"/>
        <line num="377" count="1" type="stmt"/>
        <line num="379" count="4" type="stmt"/>
        <line num="386" count="91" type="stmt"/>
        <line num="387" count="7" type="stmt"/>
        <line num="390" count="7" type="cond" truecount="1" falsecount="1"/>
        <line num="400" count="7" type="cond" truecount="2" falsecount="0"/>
        <line num="401" count="6" type="cond" truecount="2" falsecount="0"/>
        <line num="402" count="1" type="stmt"/>
        <line num="403" count="1" type="stmt"/>
        <line num="405" count="5" type="stmt"/>
        <line num="406" count="5" type="stmt"/>
        <line num="409" count="1" type="stmt"/>
        <line num="414" count="7" type="stmt"/>
        <line num="417" count="91" type="stmt"/>
        <line num="468" count="1" type="stmt"/>
      </file>
    </package>
    <package name="src.Component">
      <metrics statements="13" coveredstatements="13" conditionals="5" coveredconditionals="4" methods="5" coveredmethods="5"/>
      <file name="FilterForm.js" path="D:\iCargo Neo Repo - Filter\icargo-neo-client-framework\packages\common\filter\src\Component\FilterForm.js">
        <metrics statements="13" coveredstatements="13" conditionals="5" coveredconditionals="4" methods="5" coveredmethods="5"/>
        <line num="9" count="1" type="stmt"/>
        <line num="10" count="76" type="stmt"/>
        <line num="11" count="76" type="stmt"/>
        <line num="12" count="36" type="cond" truecount="1" falsecount="1"/>
        <line num="13" count="36" type="stmt"/>
        <line num="14" count="36" type="stmt"/>
        <line num="18" count="76" type="stmt"/>
        <line num="19" count="65" type="stmt"/>
        <line num="20" count="65" type="stmt"/>
        <line num="29" count="2" type="stmt"/>
        <line num="41" count="2" type="stmt"/>
        <line num="69" count="76" type="stmt"/>
        <line num="72" count="1" type="stmt"/>
      </file>
    </package>
    <package name="src.Utilities">
      <metrics statements="22" coveredstatements="20" conditionals="4" coveredconditionals="0" methods="11" coveredmethods="10"/>
      <file name="ClickAwayListener.js" path="D:\iCargo Neo Repo - Filter\icargo-neo-client-framework\packages\common\filter\src\Utilities\ClickAwayListener.js">
        <metrics statements="10" coveredstatements="8" conditionals="4" coveredconditionals="0" methods="5" coveredmethods="4"/>
        <line num="10" count="87" type="stmt"/>
        <line num="15" count="0" type="cond" truecount="0" falsecount="4"/>
        <line num="16" count="0" type="stmt"/>
        <line num="20" count="15" type="stmt"/>
        <line num="21" count="15" type="stmt"/>
        <line num="23" count="15" type="stmt"/>
        <line num="32" count="87" type="stmt"/>
        <line num="34" count="87" type="stmt"/>
        <line num="36" count="87" type="stmt"/>
        <line num="39" count="1" type="stmt"/>
      </file>
      <file name="SvgUtilities.js" path="D:\iCargo Neo Repo - Filter\icargo-neo-client-framework\packages\common\filter\src\Utilities\SvgUtilities.js">
        <metrics statements="12" coveredstatements="12" conditionals="0" coveredconditionals="0" methods="6" coveredmethods="6"/>
        <line num="5" count="1" type="stmt"/>
        <line num="6" count="188" type="stmt"/>
        <line num="8" count="1" type="stmt"/>
        <line num="9" count="94" type="stmt"/>
        <line num="12" count="1" type="stmt"/>
        <line num="13" count="65" type="stmt"/>
        <line num="27" count="1" type="stmt"/>
        <line num="28" count="58" type="stmt"/>
        <line num="42" count="1" type="stmt"/>
        <line num="43" count="94" type="stmt"/>
        <line num="60" count="1" type="stmt"/>
        <line num="61" count="65" type="stmt"/>
      </file>
    </package>
    <package name="src.drawer">
      <metrics statements="56" coveredstatements="56" conditionals="16" coveredconditionals="15" methods="19" coveredmethods="19"/>
      <file name="LeftDrawer.js" path="D:\iCargo Neo Repo - Filter\icargo-neo-client-framework\packages\common\filter\src\drawer\LeftDrawer.js">
        <metrics statements="38" coveredstatements="38" conditionals="16" coveredconditionals="15" methods="13" coveredmethods="13"/>
        <line num="13" count="70" type="stmt"/>
        <line num="14" count="70" type="stmt"/>
        <line num="16" count="70" type="stmt"/>
        <line num="17" count="15" type="stmt"/>
        <line num="18" count="15" type="stmt"/>
        <line num="19" count="15" type="stmt"/>
        <line num="20" count="15" type="stmt"/>
        <line num="21" count="315" type="cond" truecount="2" falsecount="0"/>
        <line num="22" count="30" type="stmt"/>
        <line num="23" count="150" type="stmt"/>
        <line num="32" count="70" type="stmt"/>
        <line num="33" count="1" type="stmt"/>
        <line num="35" count="1" type="stmt"/>
        <line num="36" count="1" type="cond" truecount="1" falsecount="1"/>
        <line num="37" count="1" type="stmt"/>
        <line num="38" count="21" type="stmt"/>
        <line num="44" count="1" type="stmt"/>
        <line num="47" count="70" type="stmt"/>
        <line num="48" count="1136" type="cond" truecount="2" falsecount="0"/>
        <line num="49" count="108" type="stmt"/>
        <line num="59" count="540" type="stmt"/>
        <line num="68" count="4" type="stmt"/>
        <line num="78" count="4" type="stmt"/>
        <line num="95" count="1028" type="stmt"/>
        <line num="97" count="70" type="stmt"/>
        <line num="98" count="1136" type="cond" truecount="2" falsecount="0"/>
        <line num="99" count="54" type="stmt"/>
        <line num="107" count="5" type="stmt"/>
        <line num="116" count="5" type="stmt"/>
        <line num="124" count="1082" type="stmt"/>
        <line num="126" count="70" type="stmt"/>
        <line num="127" count="1136" type="cond" truecount="4" falsecount="0"/>
        <line num="128" count="974" type="stmt"/>
        <line num="136" count="7" type="stmt"/>
        <line num="145" count="7" type="stmt"/>
        <line num="153" count="162" type="stmt"/>
        <line num="155" count="70" type="stmt"/>
        <line num="175" count="1" type="stmt"/>
      </file>
      <file name="RightDrawer.js" path="D:\iCargo Neo Repo - Filter\icargo-neo-client-framework\packages\common\filter\src\drawer\RightDrawer.js">
        <metrics statements="18" coveredstatements="18" conditionals="0" coveredconditionals="0" methods="6" coveredmethods="6"/>
        <line num="11" count="1" type="stmt"/>
        <line num="12" count="58" type="stmt"/>
        <line num="13" count="58" type="stmt"/>
        <line num="14" count="58" type="stmt"/>
        <line num="18" count="58" type="stmt"/>
        <line num="19" count="58" type="stmt"/>
        <line num="20" count="58" type="stmt"/>
        <line num="22" count="58" type="stmt"/>
        <line num="23" count="15" type="stmt"/>
        <line num="24" count="15" type="stmt"/>
        <line num="27" count="58" type="stmt"/>
        <line num="28" count="16" type="stmt"/>
        <line num="29" count="16" type="stmt"/>
        <line num="32" count="58" type="stmt"/>
        <line num="91" count="1" type="stmt"/>
        <line num="102" count="5" type="stmt"/>
        <line num="115" count="1" type="stmt"/>
        <line num="133" count="54" type="stmt"/>
      </file>
    </package>
    <package name="src.dynamicImport">
      <metrics statements="4" coveredstatements="4" conditionals="0" coveredconditionals="0" methods="2" coveredmethods="2"/>
      <file name="addPackages.js" path="D:\iCargo Neo Repo - Filter\icargo-neo-client-framework\packages\common\filter\src\dynamicImport\addPackages.js">
        <metrics statements="0" coveredstatements="0" conditionals="0" coveredconditionals="0" methods="0" coveredmethods="0"/>
      </file>
      <file name="dynamicImportProcessor.js" path="D:\iCargo Neo Repo - Filter\icargo-neo-client-framework\packages\common\filter\src\dynamicImport\dynamicImportProcessor.js">
        <metrics statements="4" coveredstatements="4" conditionals="0" coveredconditionals="0" methods="2" coveredmethods="2"/>
        <line num="4" count="1" type="stmt"/>
        <line num="5" count="1" type="stmt"/>
        <line num="6" count="9" type="stmt"/>
        <line num="7" count="8" type="stmt"/>
      </file>
    </package>
    <package name="src.panel">
      <metrics statements="24" coveredstatements="22" conditionals="26" coveredconditionals="21" methods="8" coveredmethods="6"/>
      <file name="MainFilterPanel.js" path="D:\iCargo Neo Repo - Filter\icargo-neo-client-framework\packages\common\filter\src\panel\MainFilterPanel.js">
        <metrics statements="24" coveredstatements="22" conditionals="26" coveredconditionals="21" methods="8" coveredmethods="6"/>
        <line num="10" count="1" type="stmt"/>
        <line num="11" count="94" type="stmt"/>
        <line num="12" count="94" type="stmt"/>
        <line num="13" count="94" type="stmt"/>
        <line num="14" count="94" type="stmt"/>
        <line num="15" count="21" type="stmt"/>
        <line num="16" count="21" type="cond" truecount="2" falsecount="0"/>
        <line num="17" count="5" type="stmt"/>
        <line num="19" count="16" type="stmt"/>
        <line num="26" count="94" type="stmt"/>
        <line num="27" count="1" type="stmt"/>
        <line num="30" count="94" type="cond" truecount="1" falsecount="1"/>
        <line num="31" count="94" type="stmt"/>
        <line num="33" count="94" type="stmt"/>
        <line num="34" count="11" type="cond" truecount="2" falsecount="0"/>
        <line num="39" count="4" type="stmt"/>
        <line num="40" count="4" type="stmt"/>
        <line num="47" count="2" type="stmt"/>
        <line num="66" count="0" type="stmt"/>
        <line num="78" count="0" type="stmt"/>
        <line num="89" count="7" type="stmt"/>
        <line num="93" count="94" type="stmt"/>
        <line num="141" count="13" type="stmt"/>
        <line num="155" count="1" type="stmt"/>
      </file>
    </package>
  </project>
</coverage>
