{"D:\\iCargo Neo Repo - Filter\\icargo-neo-client-framework\\packages\\common\\filter\\src\\index.js": {"path":"D:\\iCargo Neo Repo - Filter\\icargo-neo-client-framework\\packages\\common\\filter\\src\\index.js","statementMap":{"0":{"start":{"line":13,"column":46},"end":{"line":13,"column":61}},"1":{"start":{"line":14,"column":50},"end":{"line":14,"column":62}},"2":{"start":{"line":15,"column":42},"end":{"line":15,"column":53}},"3":{"start":{"line":16,"column":40},"end":{"line":16,"column":52}},"4":{"start":{"line":17,"column":56},"end":{"line":17,"column":68}},"5":{"start":{"line":18,"column":60},"end":{"line":18,"column":72}},"6":{"start":{"line":19,"column":52},"end":{"line":19,"column":68}},"7":{"start":{"line":20,"column":40},"end":{"line":20,"column":52}},"8":{"start":{"line":21,"column":58},"end":{"line":23,"column":6}},"9":{"start":{"line":24,"column":54},"end":{"line":24,"column":70}},"10":{"start":{"line":25,"column":34},"end":{"line":25,"column":46}},"11":{"start":{"line":27,"column":4},"end":{"line":29,"column":27}},"12":{"start":{"line":28,"column":8},"end":{"line":28,"column":40}},"13":{"start":{"line":30,"column":4},"end":{"line":38,"column":18}},"14":{"start":{"line":31,"column":20},"end":{"line":31,"column":21}},"15":{"start":{"line":32,"column":8},"end":{"line":32,"column":31}},"16":{"start":{"line":33,"column":8},"end":{"line":33,"column":30}},"17":{"start":{"line":35,"column":8},"end":{"line":37,"column":9}},"18":{"start":{"line":36,"column":12},"end":{"line":36,"column":44}},"19":{"start":{"line":43,"column":23},"end":{"line":46,"column":5}},"20":{"start":{"line":45,"column":8},"end":{"line":45,"column":29}},"21":{"start":{"line":51,"column":24},"end":{"line":54,"column":5}},"22":{"start":{"line":53,"column":8},"end":{"line":53,"column":30}},"23":{"start":{"line":60,"column":34},"end":{"line":67,"column":5}},"24":{"start":{"line":61,"column":8},"end":{"line":66,"column":9}},"25":{"start":{"line":62,"column":12},"end":{"line":62,"column":40}},"26":{"start":{"line":63,"column":12},"end":{"line":63,"column":33}},"27":{"start":{"line":65,"column":12},"end":{"line":65,"column":26}},"28":{"start":{"line":74,"column":24},"end":{"line":94,"column":5}},"29":{"start":{"line":75,"column":8},"end":{"line":75,"column":32}},"30":{"start":{"line":76,"column":8},"end":{"line":76,"column":43}},"31":{"start":{"line":78,"column":35},"end":{"line":80,"column":9}},"32":{"start":{"line":81,"column":8},"end":{"line":83,"column":11}},"33":{"start":{"line":82,"column":12},"end":{"line":82,"column":44}},"34":{"start":{"line":84,"column":8},"end":{"line":84,"column":51}},"35":{"start":{"line":85,"column":24},"end":{"line":85,"column":26}},"36":{"start":{"line":86,"column":8},"end":{"line":90,"column":11}},"37":{"start":{"line":87,"column":12},"end":{"line":89,"column":13}},"38":{"start":{"line":88,"column":16},"end":{"line":88,"column":37}},"39":{"start":{"line":91,"column":8},"end":{"line":93,"column":9}},"40":{"start":{"line":92,"column":12},"end":{"line":92,"column":42}},"41":{"start":{"line":100,"column":24},"end":{"line":120,"column":5}},"42":{"start":{"line":101,"column":8},"end":{"line":101,"column":31}},"43":{"start":{"line":102,"column":8},"end":{"line":102,"column":32}},"44":{"start":{"line":103,"column":8},"end":{"line":103,"column":30}},"45":{"start":{"line":104,"column":28},"end":{"line":106,"column":9}},"46":{"start":{"line":107,"column":8},"end":{"line":114,"column":11}},"47":{"start":{"line":108,"column":12},"end":{"line":108,"column":31}},"48":{"start":{"line":109,"column":12},"end":{"line":113,"column":13}},"49":{"start":{"line":110,"column":16},"end":{"line":112,"column":19}},"50":{"start":{"line":111,"column":20},"end":{"line":111,"column":38}},"51":{"start":{"line":115,"column":8},"end":{"line":115,"column":35}},"52":{"start":{"line":116,"column":8},"end":{"line":116,"column":23}},"53":{"start":{"line":117,"column":8},"end":{"line":119,"column":11}},"54":{"start":{"line":118,"column":12},"end":{"line":118,"column":36}},"55":{"start":{"line":134,"column":37},"end":{"line":205,"column":5}},"56":{"start":{"line":144,"column":8},"end":{"line":144,"column":36}},"57":{"start":{"line":145,"column":8},"end":{"line":145,"column":26}},"58":{"start":{"line":146,"column":8},"end":{"line":146,"column":36}},"59":{"start":{"line":147,"column":8},"end":{"line":147,"column":34}},"60":{"start":{"line":148,"column":23},"end":{"line":148,"column":35}},"61":{"start":{"line":150,"column":20},"end":{"line":150,"column":22}},"62":{"start":{"line":151,"column":8},"end":{"line":157,"column":10}},"63":{"start":{"line":158,"column":8},"end":{"line":167,"column":11}},"64":{"start":{"line":159,"column":12},"end":{"line":166,"column":13}},"65":{"start":{"line":160,"column":16},"end":{"line":160,"column":34}},"66":{"start":{"line":161,"column":16},"end":{"line":165,"column":19}},"67":{"start":{"line":162,"column":20},"end":{"line":164,"column":21}},"68":{"start":{"line":163,"column":24},"end":{"line":163,"column":41}},"69":{"start":{"line":168,"column":8},"end":{"line":203,"column":9}},"70":{"start":{"line":169,"column":26},"end":{"line":171,"column":13}},"71":{"start":{"line":170,"column":23},"end":{"line":170,"column":69}},"72":{"start":{"line":172,"column":12},"end":{"line":187,"column":13}},"73":{"start":{"line":173,"column":16},"end":{"line":186,"column":19}},"74":{"start":{"line":189,"column":12},"end":{"line":202,"column":15}},"75":{"start":{"line":204,"column":8},"end":{"line":204,"column":27}},"76":{"start":{"line":218,"column":28},"end":{"line":280,"column":5}},"77":{"start":{"line":227,"column":8},"end":{"line":227,"column":36}},"78":{"start":{"line":228,"column":8},"end":{"line":228,"column":26}},"79":{"start":{"line":229,"column":8},"end":{"line":229,"column":36}},"80":{"start":{"line":230,"column":8},"end":{"line":230,"column":34}},"81":{"start":{"line":231,"column":22},"end":{"line":238,"column":9}},"82":{"start":{"line":239,"column":8},"end":{"line":243,"column":11}},"83":{"start":{"line":240,"column":12},"end":{"line":242,"column":13}},"84":{"start":{"line":241,"column":16},"end":{"line":241,"column":34}},"85":{"start":{"line":244,"column":23},"end":{"line":244,"column":35}},"86":{"start":{"line":245,"column":8},"end":{"line":278,"column":9}},"87":{"start":{"line":246,"column":26},"end":{"line":248,"column":13}},"88":{"start":{"line":247,"column":23},"end":{"line":247,"column":77}},"89":{"start":{"line":249,"column":12},"end":{"line":263,"column":13}},"90":{"start":{"line":250,"column":16},"end":{"line":262,"column":19}},"91":{"start":{"line":265,"column":12},"end":{"line":277,"column":15}},"92":{"start":{"line":279,"column":8},"end":{"line":279,"column":27}},"93":{"start":{"line":285,"column":23},"end":{"line":306,"column":5}},"94":{"start":{"line":286,"column":22},"end":{"line":286,"column":72}},"95":{"start":{"line":286,"column":48},"end":{"line":286,"column":71}},"96":{"start":{"line":287,"column":8},"end":{"line":305,"column":9}},"97":{"start":{"line":288,"column":12},"end":{"line":290,"column":15}},"98":{"start":{"line":289,"column":16},"end":{"line":289,"column":59}},"99":{"start":{"line":289,"column":43},"end":{"line":289,"column":59}},"100":{"start":{"line":291,"column":12},"end":{"line":301,"column":13}},"101":{"start":{"line":292,"column":16},"end":{"line":300,"column":19}},"102":{"start":{"line":293,"column":20},"end":{"line":299,"column":21}},"103":{"start":{"line":294,"column":24},"end":{"line":298,"column":27}},"104":{"start":{"line":295,"column":28},"end":{"line":297,"column":29}},"105":{"start":{"line":296,"column":32},"end":{"line":296,"column":49}},"106":{"start":{"line":302,"column":27},"end":{"line":302,"column":39}},"107":{"start":{"line":303,"column":12},"end":{"line":303,"column":36}},"108":{"start":{"line":304,"column":12},"end":{"line":304,"column":31}},"109":{"start":{"line":311,"column":29},"end":{"line":328,"column":5}},"110":{"start":{"line":312,"column":23},"end":{"line":312,"column":35}},"111":{"start":{"line":313,"column":8},"end":{"line":326,"column":11}},"112":{"start":{"line":314,"column":12},"end":{"line":325,"column":13}},"113":{"start":{"line":315,"column":16},"end":{"line":319,"column":17}},"114":{"start":{"line":316,"column":20},"end":{"line":316,"column":39}},"115":{"start":{"line":318,"column":20},"end":{"line":318,"column":40}},"116":{"start":{"line":320,"column":16},"end":{"line":324,"column":17}},"117":{"start":{"line":321,"column":20},"end":{"line":321,"column":36}},"118":{"start":{"line":323,"column":20},"end":{"line":323,"column":40}},"119":{"start":{"line":327,"column":8},"end":{"line":327,"column":27}},"120":{"start":{"line":334,"column":32},"end":{"line":347,"column":5}},"121":{"start":{"line":335,"column":35},"end":{"line":337,"column":9}},"122":{"start":{"line":338,"column":8},"end":{"line":345,"column":9}},"123":{"start":{"line":344,"column":12},"end":{"line":344,"column":54}},"124":{"start":{"line":346,"column":8},"end":{"line":346,"column":51}},"125":{"start":{"line":353,"column":39},"end":{"line":380,"column":5}},"126":{"start":{"line":354,"column":35},"end":{"line":356,"column":9}},"127":{"start":{"line":357,"column":8},"end":{"line":378,"column":9}},"128":{"start":{"line":358,"column":12},"end":{"line":370,"column":13}},"129":{"start":{"line":368,"column":16},"end":{"line":368,"column":62}},"130":{"start":{"line":369,"column":16},"end":{"line":369,"column":58}},"131":{"start":{"line":371,"column":15},"end":{"line":378,"column":9}},"132":{"start":{"line":377,"column":12},"end":{"line":377,"column":54}},"133":{"start":{"line":379,"column":8},"end":{"line":379,"column":51}},"134":{"start":{"line":386,"column":37},"end":{"line":415,"column":5}},"135":{"start":{"line":387,"column":35},"end":{"line":389,"column":9}},"136":{"start":{"line":390,"column":8},"end":{"line":413,"column":9}},"137":{"start":{"line":400,"column":12},"end":{"line":412,"column":13}},"138":{"start":{"line":401,"column":16},"end":{"line":407,"column":17}},"139":{"start":{"line":402,"column":20},"end":{"line":402,"column":67}},"140":{"start":{"line":403,"column":20},"end":{"line":403,"column":71}},"141":{"start":{"line":405,"column":20},"end":{"line":405,"column":71}},"142":{"start":{"line":406,"column":20},"end":{"line":406,"column":67}},"143":{"start":{"line":409,"column":16},"end":{"line":411,"column":18}},"144":{"start":{"line":414,"column":8},"end":{"line":414,"column":51}},"145":{"start":{"line":417,"column":4},"end":{"line":465,"column":6}},"146":{"start":{"line":468,"column":0},"end":{"line":472,"column":2}}},"fnMap":{"0":{"name":"Filter","decl":{"start":{"line":12,"column":24},"end":{"line":12,"column":30}},"loc":{"start":{"line":12,"column":38},"end":{"line":466,"column":1}},"line":12},"1":{"name":"(anonymous_1)","decl":{"start":{"line":27,"column":14},"end":{"line":27,"column":15}},"loc":{"start":{"line":27,"column":20},"end":{"line":29,"column":5}},"line":27},"2":{"name":"(anonymous_2)","decl":{"start":{"line":30,"column":14},"end":{"line":30,"column":15}},"loc":{"start":{"line":30,"column":20},"end":{"line":38,"column":5}},"line":30},"3":{"name":"(anonymous_3)","decl":{"start":{"line":43,"column":23},"end":{"line":43,"column":24}},"loc":{"start":{"line":43,"column":29},"end":{"line":46,"column":5}},"line":43},"4":{"name":"(anonymous_4)","decl":{"start":{"line":51,"column":24},"end":{"line":51,"column":25}},"loc":{"start":{"line":51,"column":30},"end":{"line":54,"column":5}},"line":51},"5":{"name":"(anonymous_5)","decl":{"start":{"line":60,"column":34},"end":{"line":60,"column":35}},"loc":{"start":{"line":60,"column":40},"end":{"line":67,"column":5}},"line":60},"6":{"name":"(anonymous_6)","decl":{"start":{"line":74,"column":24},"end":{"line":74,"column":25}},"loc":{"start":{"line":74,"column":44},"end":{"line":94,"column":5}},"line":74},"7":{"name":"(anonymous_7)","decl":{"start":{"line":81,"column":47},"end":{"line":81,"column":48}},"loc":{"start":{"line":81,"column":65},"end":{"line":83,"column":9}},"line":81},"8":{"name":"(anonymous_8)","decl":{"start":{"line":86,"column":47},"end":{"line":86,"column":48}},"loc":{"start":{"line":86,"column":65},"end":{"line":90,"column":9}},"line":86},"9":{"name":"(anonymous_9)","decl":{"start":{"line":100,"column":24},"end":{"line":100,"column":25}},"loc":{"start":{"line":100,"column":43},"end":{"line":120,"column":5}},"line":100},"10":{"name":"(anonymous_10)","decl":{"start":{"line":107,"column":35},"end":{"line":107,"column":36}},"loc":{"start":{"line":107,"column":46},"end":{"line":114,"column":9}},"line":107},"11":{"name":"(anonymous_11)","decl":{"start":{"line":110,"column":36},"end":{"line":110,"column":37}},"loc":{"start":{"line":110,"column":46},"end":{"line":112,"column":17}},"line":110},"12":{"name":"(anonymous_12)","decl":{"start":{"line":117,"column":49},"end":{"line":117,"column":50}},"loc":{"start":{"line":117,"column":59},"end":{"line":119,"column":9}},"line":117},"13":{"name":"(anonymous_13)","decl":{"start":{"line":134,"column":37},"end":{"line":134,"column":38}},"loc":{"start":{"line":143,"column":9},"end":{"line":205,"column":5}},"line":143},"14":{"name":"(anonymous_14)","decl":{"start":{"line":158,"column":34},"end":{"line":158,"column":35}},"loc":{"start":{"line":158,"column":44},"end":{"line":167,"column":9}},"line":158},"15":{"name":"(anonymous_15)","decl":{"start":{"line":161,"column":35},"end":{"line":161,"column":36}},"loc":{"start":{"line":161,"column":44},"end":{"line":165,"column":17}},"line":161},"16":{"name":"(anonymous_16)","decl":{"start":{"line":170,"column":16},"end":{"line":170,"column":17}},"loc":{"start":{"line":170,"column":23},"end":{"line":170,"column":69}},"line":170},"17":{"name":"(anonymous_17)","decl":{"start":{"line":218,"column":28},"end":{"line":218,"column":29}},"loc":{"start":{"line":226,"column":9},"end":{"line":280,"column":5}},"line":226},"18":{"name":"(anonymous_18)","decl":{"start":{"line":239,"column":34},"end":{"line":239,"column":35}},"loc":{"start":{"line":239,"column":44},"end":{"line":243,"column":9}},"line":239},"19":{"name":"(anonymous_19)","decl":{"start":{"line":247,"column":16},"end":{"line":247,"column":17}},"loc":{"start":{"line":247,"column":23},"end":{"line":247,"column":77}},"line":247},"20":{"name":"(anonymous_20)","decl":{"start":{"line":285,"column":23},"end":{"line":285,"column":24}},"loc":{"start":{"line":285,"column":33},"end":{"line":306,"column":5}},"line":285},"21":{"name":"(anonymous_21)","decl":{"start":{"line":286,"column":40},"end":{"line":286,"column":41}},"loc":{"start":{"line":286,"column":48},"end":{"line":286,"column":71}},"line":286},"22":{"name":"(anonymous_22)","decl":{"start":{"line":288,"column":38},"end":{"line":288,"column":39}},"loc":{"start":{"line":288,"column":46},"end":{"line":290,"column":13}},"line":288},"23":{"name":"(anonymous_23)","decl":{"start":{"line":292,"column":42},"end":{"line":292,"column":43}},"loc":{"start":{"line":292,"column":51},"end":{"line":300,"column":17}},"line":292},"24":{"name":"(anonymous_24)","decl":{"start":{"line":294,"column":42},"end":{"line":294,"column":43}},"loc":{"start":{"line":294,"column":51},"end":{"line":298,"column":25}},"line":294},"25":{"name":"(anonymous_25)","decl":{"start":{"line":311,"column":29},"end":{"line":311,"column":30}},"loc":{"start":{"line":311,"column":39},"end":{"line":328,"column":5}},"line":311},"26":{"name":"(anonymous_26)","decl":{"start":{"line":313,"column":23},"end":{"line":313,"column":24}},"loc":{"start":{"line":313,"column":31},"end":{"line":326,"column":9}},"line":313},"27":{"name":"(anonymous_27)","decl":{"start":{"line":334,"column":32},"end":{"line":334,"column":33}},"loc":{"start":{"line":334,"column":43},"end":{"line":347,"column":5}},"line":334},"28":{"name":"(anonymous_28)","decl":{"start":{"line":353,"column":39},"end":{"line":353,"column":40}},"loc":{"start":{"line":353,"column":60},"end":{"line":380,"column":5}},"line":353},"29":{"name":"(anonymous_29)","decl":{"start":{"line":386,"column":37},"end":{"line":386,"column":38}},"loc":{"start":{"line":386,"column":47},"end":{"line":415,"column":5}},"line":386}},"branchMap":{"0":{"loc":{"start":{"line":35,"column":8},"end":{"line":37,"column":9}},"type":"if","locations":[{"start":{"line":35,"column":8},"end":{"line":37,"column":9}},{"start":{"line":35,"column":8},"end":{"line":37,"column":9}}],"line":35},"1":{"loc":{"start":{"line":61,"column":8},"end":{"line":66,"column":9}},"type":"if","locations":[{"start":{"line":61,"column":8},"end":{"line":66,"column":9}},{"start":{"line":61,"column":8},"end":{"line":66,"column":9}}],"line":61},"2":{"loc":{"start":{"line":87,"column":12},"end":{"line":89,"column":13}},"type":"if","locations":[{"start":{"line":87,"column":12},"end":{"line":89,"column":13}},{"start":{"line":87,"column":12},"end":{"line":89,"column":13}}],"line":87},"3":{"loc":{"start":{"line":87,"column":16},"end":{"line":87,"column":46}},"type":"binary-expr","locations":[{"start":{"line":87,"column":16},"end":{"line":87,"column":27}},{"start":{"line":87,"column":31},"end":{"line":87,"column":46}}],"line":87},"4":{"loc":{"start":{"line":91,"column":8},"end":{"line":93,"column":9}},"type":"if","locations":[{"start":{"line":91,"column":8},"end":{"line":93,"column":9}},{"start":{"line":91,"column":8},"end":{"line":93,"column":9}}],"line":91},"5":{"loc":{"start":{"line":109,"column":12},"end":{"line":113,"column":13}},"type":"if","locations":[{"start":{"line":109,"column":12},"end":{"line":113,"column":13}},{"start":{"line":109,"column":12},"end":{"line":113,"column":13}}],"line":109},"6":{"loc":{"start":{"line":159,"column":12},"end":{"line":166,"column":13}},"type":"if","locations":[{"start":{"line":159,"column":12},"end":{"line":166,"column":13}},{"start":{"line":159,"column":12},"end":{"line":166,"column":13}}],"line":159},"7":{"loc":{"start":{"line":162,"column":20},"end":{"line":164,"column":21}},"type":"if","locations":[{"start":{"line":162,"column":20},"end":{"line":164,"column":21}},{"start":{"line":162,"column":20},"end":{"line":164,"column":21}}],"line":162},"8":{"loc":{"start":{"line":168,"column":8},"end":{"line":203,"column":9}},"type":"if","locations":[{"start":{"line":168,"column":8},"end":{"line":203,"column":9}},{"start":{"line":168,"column":8},"end":{"line":203,"column":9}}],"line":168},"9":{"loc":{"start":{"line":170,"column":23},"end":{"line":170,"column":69}},"type":"binary-expr","locations":[{"start":{"line":170,"column":23},"end":{"line":170,"column":44}},{"start":{"line":170,"column":48},"end":{"line":170,"column":69}}],"line":170},"10":{"loc":{"start":{"line":172,"column":12},"end":{"line":187,"column":13}},"type":"if","locations":[{"start":{"line":172,"column":12},"end":{"line":187,"column":13}},{"start":{"line":172,"column":12},"end":{"line":187,"column":13}}],"line":172},"11":{"loc":{"start":{"line":240,"column":12},"end":{"line":242,"column":13}},"type":"if","locations":[{"start":{"line":240,"column":12},"end":{"line":242,"column":13}},{"start":{"line":240,"column":12},"end":{"line":242,"column":13}}],"line":240},"12":{"loc":{"start":{"line":245,"column":8},"end":{"line":278,"column":9}},"type":"if","locations":[{"start":{"line":245,"column":8},"end":{"line":278,"column":9}},{"start":{"line":245,"column":8},"end":{"line":278,"column":9}}],"line":245},"13":{"loc":{"start":{"line":247,"column":23},"end":{"line":247,"column":77}},"type":"binary-expr","locations":[{"start":{"line":247,"column":23},"end":{"line":247,"column":44}},{"start":{"line":247,"column":48},"end":{"line":247,"column":77}}],"line":247},"14":{"loc":{"start":{"line":249,"column":12},"end":{"line":263,"column":13}},"type":"if","locations":[{"start":{"line":249,"column":12},"end":{"line":263,"column":13}},{"start":{"line":249,"column":12},"end":{"line":263,"column":13}}],"line":249},"15":{"loc":{"start":{"line":287,"column":8},"end":{"line":305,"column":9}},"type":"if","locations":[{"start":{"line":287,"column":8},"end":{"line":305,"column":9}},{"start":{"line":287,"column":8},"end":{"line":305,"column":9}}],"line":287},"16":{"loc":{"start":{"line":289,"column":16},"end":{"line":289,"column":59}},"type":"if","locations":[{"start":{"line":289,"column":16},"end":{"line":289,"column":59}},{"start":{"line":289,"column":16},"end":{"line":289,"column":59}}],"line":289},"17":{"loc":{"start":{"line":291,"column":12},"end":{"line":301,"column":13}},"type":"if","locations":[{"start":{"line":291,"column":12},"end":{"line":301,"column":13}},{"start":{"line":291,"column":12},"end":{"line":301,"column":13}}],"line":291},"18":{"loc":{"start":{"line":293,"column":20},"end":{"line":299,"column":21}},"type":"if","locations":[{"start":{"line":293,"column":20},"end":{"line":299,"column":21}},{"start":{"line":293,"column":20},"end":{"line":299,"column":21}}],"line":293},"19":{"loc":{"start":{"line":295,"column":28},"end":{"line":297,"column":29}},"type":"if","locations":[{"start":{"line":295,"column":28},"end":{"line":297,"column":29}},{"start":{"line":295,"column":28},"end":{"line":297,"column":29}}],"line":295},"20":{"loc":{"start":{"line":314,"column":12},"end":{"line":325,"column":13}},"type":"if","locations":[{"start":{"line":314,"column":12},"end":{"line":325,"column":13}},{"start":{"line":314,"column":12},"end":{"line":325,"column":13}}],"line":314},"21":{"loc":{"start":{"line":315,"column":16},"end":{"line":319,"column":17}},"type":"if","locations":[{"start":{"line":315,"column":16},"end":{"line":319,"column":17}},{"start":{"line":315,"column":16},"end":{"line":319,"column":17}}],"line":315},"22":{"loc":{"start":{"line":320,"column":16},"end":{"line":324,"column":17}},"type":"if","locations":[{"start":{"line":320,"column":16},"end":{"line":324,"column":17}},{"start":{"line":320,"column":16},"end":{"line":324,"column":17}}],"line":320},"23":{"loc":{"start":{"line":338,"column":8},"end":{"line":345,"column":9}},"type":"if","locations":[{"start":{"line":338,"column":8},"end":{"line":345,"column":9}},{"start":{"line":338,"column":8},"end":{"line":345,"column":9}}],"line":338},"24":{"loc":{"start":{"line":357,"column":8},"end":{"line":378,"column":9}},"type":"if","locations":[{"start":{"line":357,"column":8},"end":{"line":378,"column":9}},{"start":{"line":357,"column":8},"end":{"line":378,"column":9}}],"line":357},"25":{"loc":{"start":{"line":358,"column":12},"end":{"line":370,"column":13}},"type":"if","locations":[{"start":{"line":358,"column":12},"end":{"line":370,"column":13}},{"start":{"line":358,"column":12},"end":{"line":370,"column":13}}],"line":358},"26":{"loc":{"start":{"line":359,"column":16},"end":{"line":366,"column":17}},"type":"binary-expr","locations":[{"start":{"line":359,"column":16},"end":{"line":362,"column":17}},{"start":{"line":363,"column":16},"end":{"line":366,"column":17}}],"line":359},"27":{"loc":{"start":{"line":371,"column":15},"end":{"line":378,"column":9}},"type":"if","locations":[{"start":{"line":371,"column":15},"end":{"line":378,"column":9}},{"start":{"line":371,"column":15},"end":{"line":378,"column":9}}],"line":371},"28":{"loc":{"start":{"line":390,"column":8},"end":{"line":413,"column":9}},"type":"if","locations":[{"start":{"line":390,"column":8},"end":{"line":413,"column":9}},{"start":{"line":390,"column":8},"end":{"line":413,"column":9}}],"line":390},"29":{"loc":{"start":{"line":391,"column":12},"end":{"line":398,"column":13}},"type":"binary-expr","locations":[{"start":{"line":391,"column":12},"end":{"line":394,"column":13}},{"start":{"line":395,"column":12},"end":{"line":398,"column":13}}],"line":391},"30":{"loc":{"start":{"line":400,"column":12},"end":{"line":412,"column":13}},"type":"if","locations":[{"start":{"line":400,"column":12},"end":{"line":412,"column":13}},{"start":{"line":400,"column":12},"end":{"line":412,"column":13}}],"line":400},"31":{"loc":{"start":{"line":401,"column":16},"end":{"line":407,"column":17}},"type":"if","locations":[{"start":{"line":401,"column":16},"end":{"line":407,"column":17}},{"start":{"line":401,"column":16},"end":{"line":407,"column":17}}],"line":401},"32":{"loc":{"start":{"line":419,"column":13},"end":{"line":458,"column":13}},"type":"binary-expr","locations":[{"start":{"line":419,"column":13},"end":{"line":419,"column":28}},{"start":{"line":420,"column":16},"end":{"line":457,"column":22}}],"line":419}},"s":{"0":91,"1":91,"2":91,"3":91,"4":91,"5":91,"6":91,"7":91,"8":91,"9":91,"10":91,"11":91,"12":15,"13":91,"14":36,"15":36,"16":36,"17":36,"18":18,"19":91,"20":15,"21":91,"22":4,"23":91,"24":5,"25":1,"26":1,"27":4,"28":91,"29":5,"30":5,"31":5,"32":5,"33":7,"34":5,"35":5,"36":5,"37":7,"38":7,"39":5,"40":5,"41":91,"42":1,"43":1,"44":1,"45":1,"46":1,"47":21,"48":21,"49":2,"50":10,"51":1,"52":1,"53":1,"54":1,"55":91,"56":4,"57":4,"58":4,"59":4,"60":4,"61":4,"62":4,"63":4,"64":84,"65":4,"66":4,"67":20,"68":4,"69":4,"70":1,"71":1,"72":1,"73":1,"74":3,"75":4,"76":91,"77":12,"78":12,"79":12,"80":12,"81":12,"82":12,"83":252,"84":12,"85":12,"86":12,"87":7,"88":17,"89":7,"90":6,"91":5,"92":12,"93":91,"94":2,"95":2,"96":2,"97":2,"98":42,"99":2,"100":2,"101":1,"102":21,"103":1,"104":5,"105":1,"106":2,"107":2,"108":2,"109":91,"110":2,"111":2,"112":4,"113":2,"114":1,"115":1,"116":2,"117":1,"118":1,"119":2,"120":91,"121":5,"122":5,"123":4,"124":5,"125":91,"126":4,"127":4,"128":3,"129":3,"130":3,"131":1,"132":1,"133":4,"134":91,"135":7,"136":7,"137":7,"138":6,"139":1,"140":1,"141":5,"142":5,"143":1,"144":7,"145":91,"146":1},"f":{"0":91,"1":15,"2":36,"3":15,"4":4,"5":5,"6":5,"7":7,"8":7,"9":1,"10":21,"11":10,"12":1,"13":4,"14":84,"15":20,"16":1,"17":12,"18":252,"19":17,"20":2,"21":2,"22":42,"23":21,"24":5,"25":2,"26":4,"27":5,"28":4,"29":7},"b":{"0":[18,18],"1":[1,4],"2":[7,0],"3":[7,0],"4":[5,0],"5":[2,19],"6":[4,80],"7":[4,16],"8":[1,3],"9":[1,1],"10":[1,0],"11":[12,240],"12":[7,5],"13":[17,1],"14":[6,1],"15":[2,0],"16":[2,40],"17":[1,1],"18":[1,20],"19":[1,4],"20":[2,2],"21":[1,1],"22":[1,1],"23":[4,1],"24":[3,1],"25":[3,0],"26":[3,3],"27":[1,0],"28":[7,0],"29":[7,7],"30":[6,1],"31":[1,5],"32":[91,58]},"_coverageSchema":"43e27e138ebf9cfc5966b082cf9a028302ed4184","hash":"071fb950d9915e73eea706264a3c00393bac7133"}
,"D:\\iCargo Neo Repo - Filter\\icargo-neo-client-framework\\packages\\common\\filter\\src\\Component\\FilterForm.js": {"path":"D:\\iCargo Neo Repo - Filter\\icargo-neo-client-framework\\packages\\common\\filter\\src\\Component\\FilterForm.js","statementMap":{"0":{"start":{"line":9,"column":19},"end":{"line":70,"column":1}},"1":{"start":{"line":10,"column":38},"end":{"line":10,"column":50}},"2":{"start":{"line":11,"column":4},"end":{"line":16,"column":24}},"3":{"start":{"line":12,"column":8},"end":{"line":15,"column":9}},"4":{"start":{"line":13,"column":34},"end":{"line":13,"column":62}},"5":{"start":{"line":14,"column":12},"end":{"line":14,"column":40}},"6":{"start":{"line":18,"column":23},"end":{"line":68,"column":6}},"7":{"start":{"line":19,"column":26},"end":{"line":19,"column":51}},"8":{"start":{"line":20,"column":8},"end":{"line":67,"column":10}},"9":{"start":{"line":29,"column":36},"end":{"line":29,"column":65}},"10":{"start":{"line":41,"column":32},"end":{"line":41,"column":55}},"11":{"start":{"line":69,"column":4},"end":{"line":69,"column":35}},"12":{"start":{"line":72,"column":0},"end":{"line":76,"column":2}}},"fnMap":{"0":{"name":"(anonymous_0)","decl":{"start":{"line":9,"column":19},"end":{"line":9,"column":20}},"loc":{"start":{"line":9,"column":30},"end":{"line":70,"column":1}},"line":9},"1":{"name":"(anonymous_1)","decl":{"start":{"line":11,"column":14},"end":{"line":11,"column":15}},"loc":{"start":{"line":11,"column":20},"end":{"line":16,"column":5}},"line":11},"2":{"name":"(anonymous_2)","decl":{"start":{"line":18,"column":37},"end":{"line":18,"column":38}},"loc":{"start":{"line":18,"column":54},"end":{"line":68,"column":5}},"line":18},"3":{"name":"(anonymous_3)","decl":{"start":{"line":28,"column":42},"end":{"line":28,"column":43}},"loc":{"start":{"line":28,"column":48},"end":{"line":30,"column":33}},"line":28},"4":{"name":"(anonymous_4)","decl":{"start":{"line":40,"column":37},"end":{"line":40,"column":38}},"loc":{"start":{"line":40,"column":43},"end":{"line":42,"column":29}},"line":40}},"branchMap":{"0":{"loc":{"start":{"line":12,"column":8},"end":{"line":15,"column":9}},"type":"if","locations":[{"start":{"line":12,"column":8},"end":{"line":15,"column":9}},{"start":{"line":12,"column":8},"end":{"line":15,"column":9}}],"line":12},"1":{"loc":{"start":{"line":25,"column":25},"end":{"line":32,"column":25}},"type":"binary-expr","locations":[{"start":{"line":25,"column":25},"end":{"line":25,"column":39}},{"start":{"line":25,"column":43},"end":{"line":25,"column":68}},{"start":{"line":26,"column":28},"end":{"line":31,"column":30}}],"line":25}},"s":{"0":1,"1":76,"2":76,"3":36,"4":36,"5":36,"6":76,"7":65,"8":65,"9":2,"10":2,"11":76,"12":1},"f":{"0":76,"1":36,"2":65,"3":2,"4":2},"b":{"0":[36,0],"1":[65,65,43]},"_coverageSchema":"43e27e138ebf9cfc5966b082cf9a028302ed4184","hash":"1146c64a021b7b282fc5b8133186d2ca0d854687"}
,"D:\\iCargo Neo Repo - Filter\\icargo-neo-client-framework\\packages\\common\\filter\\src\\Utilities\\ClickAwayListener.js": {"path":"D:\\iCargo Neo Repo - Filter\\icargo-neo-client-framework\\packages\\common\\filter\\src\\Utilities\\ClickAwayListener.js","statementMap":{"0":{"start":{"line":10,"column":4},"end":{"line":25,"column":14}},"1":{"start":{"line":15,"column":12},"end":{"line":17,"column":13}},"2":{"start":{"line":16,"column":16},"end":{"line":16,"column":36}},"3":{"start":{"line":20,"column":8},"end":{"line":20,"column":67}},"4":{"start":{"line":21,"column":8},"end":{"line":24,"column":10}},"5":{"start":{"line":23,"column":12},"end":{"line":23,"column":74}},"6":{"start":{"line":32,"column":23},"end":{"line":32,"column":35}},"7":{"start":{"line":34,"column":4},"end":{"line":34,"column":44}},"8":{"start":{"line":36,"column":4},"end":{"line":36,"column":56}},"9":{"start":{"line":39,"column":0},"end":{"line":41,"column":2}}},"fnMap":{"0":{"name":"useClickAwayListener","decl":{"start":{"line":9,"column":9},"end":{"line":9,"column":29}},"loc":{"start":{"line":9,"column":42},"end":{"line":26,"column":1}},"line":9},"1":{"name":"(anonymous_1)","decl":{"start":{"line":10,"column":14},"end":{"line":10,"column":15}},"loc":{"start":{"line":10,"column":20},"end":{"line":25,"column":5}},"line":10},"2":{"name":"handleClickOutside","decl":{"start":{"line":14,"column":17},"end":{"line":14,"column":35}},"loc":{"start":{"line":14,"column":43},"end":{"line":18,"column":9}},"line":14},"3":{"name":"(anonymous_3)","decl":{"start":{"line":21,"column":15},"end":{"line":21,"column":16}},"loc":{"start":{"line":21,"column":21},"end":{"line":24,"column":9}},"line":21},"4":{"name":"ClickAwayListener","decl":{"start":{"line":31,"column":9},"end":{"line":31,"column":26}},"loc":{"start":{"line":31,"column":34},"end":{"line":37,"column":1}},"line":31}},"branchMap":{"0":{"loc":{"start":{"line":15,"column":12},"end":{"line":17,"column":13}},"type":"if","locations":[{"start":{"line":15,"column":12},"end":{"line":17,"column":13}},{"start":{"line":15,"column":12},"end":{"line":17,"column":13}}],"line":15},"1":{"loc":{"start":{"line":15,"column":16},"end":{"line":15,"column":66}},"type":"binary-expr","locations":[{"start":{"line":15,"column":16},"end":{"line":15,"column":27}},{"start":{"line":15,"column":31},"end":{"line":15,"column":66}}],"line":15}},"s":{"0":87,"1":0,"2":0,"3":15,"4":15,"5":15,"6":87,"7":87,"8":87,"9":1},"f":{"0":87,"1":15,"2":0,"3":15,"4":87},"b":{"0":[0,0],"1":[0,0]},"_coverageSchema":"43e27e138ebf9cfc5966b082cf9a028302ed4184","hash":"22648fef6c23b03afc1e4b68e7f982b54544604e"}
,"D:\\iCargo Neo Repo - Filter\\icargo-neo-client-framework\\packages\\common\\filter\\src\\Utilities\\SvgUtilities.js": {"path":"D:\\iCargo Neo Repo - Filter\\icargo-neo-client-framework\\packages\\common\\filter\\src\\Utilities\\SvgUtilities.js","statementMap":{"0":{"start":{"line":5,"column":12},"end":{"line":7,"column":1}},"1":{"start":{"line":6,"column":4},"end":{"line":6,"column":41}},"2":{"start":{"line":8,"column":16},"end":{"line":10,"column":1}},"3":{"start":{"line":9,"column":4},"end":{"line":9,"column":65}},"4":{"start":{"line":12,"column":25},"end":{"line":25,"column":1}},"5":{"start":{"line":13,"column":4},"end":{"line":24,"column":10}},"6":{"start":{"line":27,"column":24},"end":{"line":40,"column":1}},"7":{"start":{"line":28,"column":4},"end":{"line":39,"column":10}},"8":{"start":{"line":42,"column":29},"end":{"line":58,"column":1}},"9":{"start":{"line":43,"column":4},"end":{"line":57,"column":14}},"10":{"start":{"line":60,"column":29},"end":{"line":73,"column":1}},"11":{"start":{"line":61,"column":4},"end":{"line":72,"column":10}}},"fnMap":{"0":{"name":"(anonymous_0)","decl":{"start":{"line":5,"column":12},"end":{"line":5,"column":13}},"loc":{"start":{"line":6,"column":4},"end":{"line":6,"column":41}},"line":6},"1":{"name":"(anonymous_1)","decl":{"start":{"line":8,"column":16},"end":{"line":8,"column":17}},"loc":{"start":{"line":9,"column":4},"end":{"line":9,"column":65}},"line":9},"2":{"name":"(anonymous_2)","decl":{"start":{"line":12,"column":25},"end":{"line":12,"column":26}},"loc":{"start":{"line":13,"column":4},"end":{"line":24,"column":10}},"line":13},"3":{"name":"(anonymous_3)","decl":{"start":{"line":27,"column":24},"end":{"line":27,"column":25}},"loc":{"start":{"line":28,"column":4},"end":{"line":39,"column":10}},"line":28},"4":{"name":"(anonymous_4)","decl":{"start":{"line":42,"column":29},"end":{"line":42,"column":30}},"loc":{"start":{"line":43,"column":4},"end":{"line":57,"column":14}},"line":43},"5":{"name":"(anonymous_5)","decl":{"start":{"line":60,"column":29},"end":{"line":60,"column":30}},"loc":{"start":{"line":61,"column":4},"end":{"line":72,"column":10}},"line":61}},"branchMap":{},"s":{"0":1,"1":188,"2":1,"3":94,"4":1,"5":65,"6":1,"7":58,"8":1,"9":94,"10":1,"11":65},"f":{"0":188,"1":94,"2":65,"3":58,"4":94,"5":65},"b":{},"_coverageSchema":"43e27e138ebf9cfc5966b082cf9a028302ed4184","hash":"92fb8c838fa950487a03f505504bd2343af38323"}
,"D:\\iCargo Neo Repo - Filter\\icargo-neo-client-framework\\packages\\common\\filter\\src\\drawer\\LeftDrawer.js": {"path":"D:\\iCargo Neo Repo - Filter\\icargo-neo-client-framework\\packages\\common\\filter\\src\\drawer\\LeftDrawer.js","statementMap":{"0":{"start":{"line":13,"column":44},"end":{"line":13,"column":56}},"1":{"start":{"line":14,"column":44},"end":{"line":14,"column":56}},"2":{"start":{"line":16,"column":4},"end":{"line":27,"column":34}},"3":{"start":{"line":17,"column":26},"end":{"line":17,"column":28}},"4":{"start":{"line":18,"column":8},"end":{"line":18,"column":49}},"5":{"start":{"line":19,"column":8},"end":{"line":19,"column":49}},"6":{"start":{"line":20,"column":8},"end":{"line":26,"column":11}},"7":{"start":{"line":21,"column":12},"end":{"line":25,"column":13}},"8":{"start":{"line":22,"column":16},"end":{"line":24,"column":19}},"9":{"start":{"line":23,"column":20},"end":{"line":23,"column":46}},"10":{"start":{"line":32,"column":32},"end":{"line":45,"column":5}},"11":{"start":{"line":33,"column":27},"end":{"line":33,"column":29}},"12":{"start":{"line":35,"column":26},"end":{"line":35,"column":40}},"13":{"start":{"line":36,"column":8},"end":{"line":43,"column":9}},"14":{"start":{"line":37,"column":12},"end":{"line":42,"column":15}},"15":{"start":{"line":38,"column":16},"end":{"line":41,"column":18}},"16":{"start":{"line":44,"column":8},"end":{"line":44,"column":38}},"17":{"start":{"line":47,"column":25},"end":{"line":96,"column":6}},"18":{"start":{"line":48,"column":8},"end":{"line":94,"column":9}},"19":{"start":{"line":49,"column":12},"end":{"line":93,"column":14}},"20":{"start":{"line":59,"column":40},"end":{"line":87,"column":42}},"21":{"start":{"line":68,"column":52},"end":{"line":77,"column":54}},"22":{"start":{"line":78,"column":52},"end":{"line":81,"column":54}},"23":{"start":{"line":95,"column":8},"end":{"line":95,"column":35}},"24":{"start":{"line":97,"column":26},"end":{"line":125,"column":6}},"25":{"start":{"line":98,"column":8},"end":{"line":123,"column":9}},"26":{"start":{"line":99,"column":12},"end":{"line":122,"column":14}},"27":{"start":{"line":107,"column":28},"end":{"line":115,"column":30}},"28":{"start":{"line":116,"column":28},"end":{"line":116,"column":66}},"29":{"start":{"line":124,"column":8},"end":{"line":124,"column":35}},"30":{"start":{"line":126,"column":24},"end":{"line":154,"column":6}},"31":{"start":{"line":127,"column":8},"end":{"line":152,"column":9}},"32":{"start":{"line":128,"column":12},"end":{"line":151,"column":14}},"33":{"start":{"line":136,"column":28},"end":{"line":144,"column":30}},"34":{"start":{"line":145,"column":28},"end":{"line":145,"column":65}},"35":{"start":{"line":153,"column":8},"end":{"line":153,"column":35}},"36":{"start":{"line":155,"column":4},"end":{"line":172,"column":6}},"37":{"start":{"line":175,"column":0},"end":{"line":182,"column":2}}},"fnMap":{"0":{"name":"LeftDrawer","decl":{"start":{"line":12,"column":24},"end":{"line":12,"column":34}},"loc":{"start":{"line":12,"column":42},"end":{"line":173,"column":1}},"line":12},"1":{"name":"(anonymous_1)","decl":{"start":{"line":16,"column":14},"end":{"line":16,"column":15}},"loc":{"start":{"line":16,"column":20},"end":{"line":27,"column":5}},"line":16},"2":{"name":"(anonymous_2)","decl":{"start":{"line":20,"column":40},"end":{"line":20,"column":41}},"loc":{"start":{"line":20,"column":50},"end":{"line":26,"column":9}},"line":20},"3":{"name":"(anonymous_3)","decl":{"start":{"line":22,"column":35},"end":{"line":22,"column":36}},"loc":{"start":{"line":22,"column":45},"end":{"line":24,"column":17}},"line":22},"4":{"name":"(anonymous_4)","decl":{"start":{"line":32,"column":32},"end":{"line":32,"column":33}},"loc":{"start":{"line":32,"column":39},"end":{"line":45,"column":5}},"line":32},"5":{"name":"(anonymous_5)","decl":{"start":{"line":37,"column":47},"end":{"line":37,"column":48}},"loc":{"start":{"line":37,"column":57},"end":{"line":42,"column":13}},"line":37},"6":{"name":"(anonymous_6)","decl":{"start":{"line":47,"column":42},"end":{"line":47,"column":43}},"loc":{"start":{"line":47,"column":59},"end":{"line":96,"column":5}},"line":47},"7":{"name":"(anonymous_7)","decl":{"start":{"line":58,"column":51},"end":{"line":58,"column":52}},"loc":{"start":{"line":58,"column":61},"end":{"line":88,"column":37}},"line":58},"8":{"name":"(anonymous_8)","decl":{"start":{"line":67,"column":57},"end":{"line":67,"column":58}},"loc":{"start":{"line":67,"column":63},"end":{"line":82,"column":49}},"line":67},"9":{"name":"(anonymous_9)","decl":{"start":{"line":97,"column":43},"end":{"line":97,"column":44}},"loc":{"start":{"line":97,"column":60},"end":{"line":125,"column":5}},"line":97},"10":{"name":"(anonymous_10)","decl":{"start":{"line":106,"column":33},"end":{"line":106,"column":34}},"loc":{"start":{"line":106,"column":39},"end":{"line":117,"column":25}},"line":106},"11":{"name":"(anonymous_11)","decl":{"start":{"line":126,"column":41},"end":{"line":126,"column":42}},"loc":{"start":{"line":126,"column":58},"end":{"line":154,"column":5}},"line":126},"12":{"name":"(anonymous_12)","decl":{"start":{"line":135,"column":33},"end":{"line":135,"column":34}},"loc":{"start":{"line":135,"column":39},"end":{"line":146,"column":25}},"line":135}},"branchMap":{"0":{"loc":{"start":{"line":21,"column":12},"end":{"line":25,"column":13}},"type":"if","locations":[{"start":{"line":21,"column":12},"end":{"line":25,"column":13}},{"start":{"line":21,"column":12},"end":{"line":25,"column":13}}],"line":21},"1":{"loc":{"start":{"line":36,"column":8},"end":{"line":43,"column":9}},"type":"if","locations":[{"start":{"line":36,"column":8},"end":{"line":43,"column":9}},{"start":{"line":36,"column":8},"end":{"line":43,"column":9}}],"line":36},"2":{"loc":{"start":{"line":39,"column":20},"end":{"line":40,"column":77}},"type":"binary-expr","locations":[{"start":{"line":39,"column":20},"end":{"line":39,"column":29}},{"start":{"line":40,"column":20},"end":{"line":40,"column":77}}],"line":39},"3":{"loc":{"start":{"line":48,"column":8},"end":{"line":94,"column":9}},"type":"if","locations":[{"start":{"line":48,"column":8},"end":{"line":94,"column":9}},{"start":{"line":48,"column":8},"end":{"line":94,"column":9}}],"line":48},"4":{"loc":{"start":{"line":57,"column":33},"end":{"line":88,"column":38}},"type":"binary-expr","locations":[{"start":{"line":57,"column":33},"end":{"line":57,"column":43}},{"start":{"line":58,"column":36},"end":{"line":88,"column":38}}],"line":57},"5":{"loc":{"start":{"line":98,"column":8},"end":{"line":123,"column":9}},"type":"if","locations":[{"start":{"line":98,"column":8},"end":{"line":123,"column":9}},{"start":{"line":98,"column":8},"end":{"line":123,"column":9}}],"line":98},"6":{"loc":{"start":{"line":127,"column":8},"end":{"line":152,"column":9}},"type":"if","locations":[{"start":{"line":127,"column":8},"end":{"line":152,"column":9}},{"start":{"line":127,"column":8},"end":{"line":152,"column":9}}],"line":127},"7":{"loc":{"start":{"line":127,"column":12},"end":{"line":127,"column":65}},"type":"binary-expr","locations":[{"start":{"line":127,"column":12},"end":{"line":127,"column":30}},{"start":{"line":127,"column":34},"end":{"line":127,"column":65}}],"line":127}},"s":{"0":70,"1":70,"2":70,"3":15,"4":15,"5":15,"6":15,"7":315,"8":30,"9":150,"10":70,"11":1,"12":1,"13":1,"14":1,"15":21,"16":1,"17":70,"18":1136,"19":108,"20":540,"21":4,"22":4,"23":1028,"24":70,"25":1136,"26":54,"27":5,"28":5,"29":1082,"30":70,"31":1136,"32":974,"33":7,"34":7,"35":162,"36":70,"37":1},"f":{"0":70,"1":15,"2":315,"3":150,"4":1,"5":21,"6":1136,"7":540,"8":4,"9":1136,"10":5,"11":1136,"12":7},"b":{"0":[30,285],"1":[1,0],"2":[21,21],"3":[108,1028],"4":[108,108],"5":[54,1082],"6":[974,162],"7":[1136,1028]},"_coverageSchema":"43e27e138ebf9cfc5966b082cf9a028302ed4184","hash":"60f95a88e9a1903bbfde617e30cced3185f6fce8"}
,"D:\\iCargo Neo Repo - Filter\\icargo-neo-client-framework\\packages\\common\\filter\\src\\drawer\\RightDrawer.js": {"path":"D:\\iCargo Neo Repo - Filter\\icargo-neo-client-framework\\packages\\common\\filter\\src\\drawer\\RightDrawer.js","statementMap":{"0":{"start":{"line":11,"column":20},"end":{"line":113,"column":1}},"1":{"start":{"line":12,"column":37},"end":{"line":12,"column":42}},"2":{"start":{"line":13,"column":30},"end":{"line":13,"column":48}},"3":{"start":{"line":14,"column":56},"end":{"line":14,"column":68}},"4":{"start":{"line":18,"column":8},"end":{"line":18,"column":20}},"5":{"start":{"line":19,"column":52},"end":{"line":19,"column":68}},"6":{"start":{"line":20,"column":40},"end":{"line":20,"column":52}},"7":{"start":{"line":22,"column":4},"end":{"line":25,"column":63}},"8":{"start":{"line":23,"column":8},"end":{"line":23,"column":56}},"9":{"start":{"line":24,"column":8},"end":{"line":24,"column":68}},"10":{"start":{"line":27,"column":4},"end":{"line":30,"column":51}},"11":{"start":{"line":28,"column":8},"end":{"line":28,"column":52}},"12":{"start":{"line":29,"column":8},"end":{"line":29,"column":40}},"13":{"start":{"line":32,"column":4},"end":{"line":112,"column":6}},"14":{"start":{"line":91,"column":36},"end":{"line":91,"column":69}},"15":{"start":{"line":102,"column":36},"end":{"line":102,"column":62}},"16":{"start":{"line":115,"column":0},"end":{"line":129,"column":2}},"17":{"start":{"line":133,"column":33},"end":{"line":133,"column":58}}},"fnMap":{"0":{"name":"(anonymous_0)","decl":{"start":{"line":11,"column":20},"end":{"line":11,"column":21}},"loc":{"start":{"line":11,"column":31},"end":{"line":113,"column":1}},"line":11},"1":{"name":"(anonymous_1)","decl":{"start":{"line":22,"column":14},"end":{"line":22,"column":15}},"loc":{"start":{"line":22,"column":20},"end":{"line":25,"column":5}},"line":22},"2":{"name":"(anonymous_2)","decl":{"start":{"line":27,"column":14},"end":{"line":27,"column":15}},"loc":{"start":{"line":27,"column":20},"end":{"line":30,"column":5}},"line":27},"3":{"name":"(anonymous_3)","decl":{"start":{"line":90,"column":41},"end":{"line":90,"column":42}},"loc":{"start":{"line":90,"column":47},"end":{"line":92,"column":33}},"line":90},"4":{"name":"(anonymous_4)","decl":{"start":{"line":101,"column":41},"end":{"line":101,"column":42}},"loc":{"start":{"line":101,"column":47},"end":{"line":103,"column":33}},"line":101},"5":{"name":"(anonymous_5)","decl":{"start":{"line":133,"column":22},"end":{"line":133,"column":23}},"loc":{"start":{"line":133,"column":33},"end":{"line":133,"column":58}},"line":133}},"branchMap":{},"s":{"0":1,"1":58,"2":58,"3":58,"4":58,"5":58,"6":58,"7":58,"8":15,"9":15,"10":58,"11":16,"12":16,"13":58,"14":1,"15":5,"16":1,"17":54},"f":{"0":58,"1":15,"2":16,"3":1,"4":5,"5":54},"b":{},"_coverageSchema":"43e27e138ebf9cfc5966b082cf9a028302ed4184","hash":"c474ad98f15449c46cc01933d0fbe2aecf6dc88e"}
,"D:\\iCargo Neo Repo - Filter\\icargo-neo-client-framework\\packages\\common\\filter\\src\\dynamicImport\\addPackages.js": {"path":"D:\\iCargo Neo Repo - Filter\\icargo-neo-client-framework\\packages\\common\\filter\\src\\dynamicImport\\addPackages.js","statementMap":{},"fnMap":{},"branchMap":{},"s":{},"f":{},"b":{},"_coverageSchema":"43e27e138ebf9cfc5966b082cf9a028302ed4184","hash":"8956c8b28a520facdd037cf2f819343999afa702"}
,"D:\\iCargo Neo Repo - Filter\\icargo-neo-client-framework\\packages\\common\\filter\\src\\dynamicImport\\dynamicImportProcessor.js": {"path":"D:\\iCargo Neo Repo - Filter\\icargo-neo-client-framework\\packages\\common\\filter\\src\\dynamicImport\\dynamicImportProcessor.js","statementMap":{"0":{"start":{"line":4,"column":19},"end":{"line":4,"column":21}},"1":{"start":{"line":5,"column":0},"end":{"line":11,"column":1}},"2":{"start":{"line":5,"column":13},"end":{"line":5,"column":14}},"3":{"start":{"line":6,"column":4},"end":{"line":10,"column":6}},"4":{"start":{"line":7,"column":8},"end":{"line":9,"column":11}},"5":{"start":{"line":7,"column":61},"end":{"line":9,"column":9}}},"fnMap":{"0":{"name":"(anonymous_0)","decl":{"start":{"line":6,"column":45},"end":{"line":6,"column":46}},"loc":{"start":{"line":7,"column":8},"end":{"line":9,"column":11}},"line":7},"1":{"name":"(anonymous_1)","decl":{"start":{"line":7,"column":48},"end":{"line":7,"column":49}},"loc":{"start":{"line":7,"column":61},"end":{"line":9,"column":9}},"line":7}},"branchMap":{},"s":{"0":1,"1":1,"2":1,"3":9,"4":8,"5":8},"f":{"0":8,"1":8},"b":{},"_coverageSchema":"43e27e138ebf9cfc5966b082cf9a028302ed4184","hash":"66e1ebaaf6962ce91221fdb6d193f4515a751d66"}
,"D:\\iCargo Neo Repo - Filter\\icargo-neo-client-framework\\packages\\common\\filter\\src\\panel\\MainFilterPanel.js": {"path":"D:\\iCargo Neo Repo - Filter\\icargo-neo-client-framework\\packages\\common\\filter\\src\\panel\\MainFilterPanel.js","statementMap":{"0":{"start":{"line":10,"column":24},"end":{"line":153,"column":1}},"1":{"start":{"line":11,"column":40},"end":{"line":11,"column":55}},"2":{"start":{"line":12,"column":38},"end":{"line":12,"column":50}},"3":{"start":{"line":13,"column":38},"end":{"line":13,"column":54}},"4":{"start":{"line":14,"column":4},"end":{"line":21,"column":32}},"5":{"start":{"line":15,"column":8},"end":{"line":15,"column":44}},"6":{"start":{"line":16,"column":8},"end":{"line":20,"column":9}},"7":{"start":{"line":17,"column":12},"end":{"line":17,"column":29}},"8":{"start":{"line":19,"column":12},"end":{"line":19,"column":33}},"9":{"start":{"line":26,"column":29},"end":{"line":28,"column":5}},"10":{"start":{"line":27,"column":8},"end":{"line":27,"column":35}},"11":{"start":{"line":30,"column":4},"end":{"line":91,"column":5}},"12":{"start":{"line":31,"column":8},"end":{"line":31,"column":22}},"13":{"start":{"line":33,"column":8},"end":{"line":90,"column":11}},"14":{"start":{"line":34,"column":12},"end":{"line":88,"column":13}},"15":{"start":{"line":39,"column":16},"end":{"line":39,"column":31}},"16":{"start":{"line":40,"column":16},"end":{"line":87,"column":18}},"17":{"start":{"line":47,"column":28},"end":{"line":47,"column":47}},"18":{"start":{"line":66,"column":32},"end":{"line":72,"column":34}},"19":{"start":{"line":78,"column":32},"end":{"line":84,"column":34}},"20":{"start":{"line":89,"column":12},"end":{"line":89,"column":27}},"21":{"start":{"line":93,"column":4},"end":{"line":152,"column":6}},"22":{"start":{"line":141,"column":36},"end":{"line":141,"column":55}},"23":{"start":{"line":155,"column":0},"end":{"line":158,"column":2}}},"fnMap":{"0":{"name":"(anonymous_0)","decl":{"start":{"line":10,"column":24},"end":{"line":10,"column":25}},"loc":{"start":{"line":10,"column":35},"end":{"line":153,"column":1}},"line":10},"1":{"name":"(anonymous_1)","decl":{"start":{"line":14,"column":14},"end":{"line":14,"column":15}},"loc":{"start":{"line":14,"column":20},"end":{"line":21,"column":5}},"line":14},"2":{"name":"(anonymous_2)","decl":{"start":{"line":26,"column":29},"end":{"line":26,"column":30}},"loc":{"start":{"line":26,"column":35},"end":{"line":28,"column":5}},"line":26},"3":{"name":"(anonymous_3)","decl":{"start":{"line":33,"column":46},"end":{"line":33,"column":47}},"loc":{"start":{"line":33,"column":65},"end":{"line":90,"column":9}},"line":33},"4":{"name":"(anonymous_4)","decl":{"start":{"line":46,"column":33},"end":{"line":46,"column":34}},"loc":{"start":{"line":46,"column":39},"end":{"line":48,"column":25}},"line":46},"5":{"name":"(anonymous_5)","decl":{"start":{"line":65,"column":45},"end":{"line":65,"column":46}},"loc":{"start":{"line":65,"column":55},"end":{"line":73,"column":29}},"line":65},"6":{"name":"(anonymous_6)","decl":{"start":{"line":77,"column":58},"end":{"line":77,"column":59}},"loc":{"start":{"line":77,"column":68},"end":{"line":85,"column":29}},"line":77},"7":{"name":"(anonymous_7)","decl":{"start":{"line":140,"column":41},"end":{"line":140,"column":42}},"loc":{"start":{"line":140,"column":47},"end":{"line":142,"column":33}},"line":140}},"branchMap":{"0":{"loc":{"start":{"line":16,"column":8},"end":{"line":20,"column":9}},"type":"if","locations":[{"start":{"line":16,"column":8},"end":{"line":20,"column":9}},{"start":{"line":16,"column":8},"end":{"line":20,"column":9}}],"line":16},"1":{"loc":{"start":{"line":30,"column":4},"end":{"line":91,"column":5}},"type":"if","locations":[{"start":{"line":30,"column":4},"end":{"line":91,"column":5}},{"start":{"line":30,"column":4},"end":{"line":91,"column":5}}],"line":30},"2":{"loc":{"start":{"line":34,"column":12},"end":{"line":88,"column":13}},"type":"if","locations":[{"start":{"line":34,"column":12},"end":{"line":88,"column":13}},{"start":{"line":34,"column":12},"end":{"line":88,"column":13}}],"line":34},"3":{"loc":{"start":{"line":35,"column":16},"end":{"line":37,"column":57}},"type":"binary-expr","locations":[{"start":{"line":35,"column":16},"end":{"line":35,"column":28}},{"start":{"line":36,"column":17},"end":{"line":36,"column":40}},{"start":{"line":37,"column":20},"end":{"line":37,"column":56}}],"line":35},"4":{"loc":{"start":{"line":51,"column":25},"end":{"line":56,"column":25}},"type":"binary-expr","locations":[{"start":{"line":51,"column":25},"end":{"line":51,"column":41}},{"start":{"line":51,"column":45},"end":{"line":51,"column":72}},{"start":{"line":52,"column":28},"end":{"line":55,"column":34}}],"line":51},"5":{"loc":{"start":{"line":57,"column":25},"end":{"line":61,"column":29}},"type":"binary-expr","locations":[{"start":{"line":57,"column":25},"end":{"line":57,"column":37}},{"start":{"line":58,"column":28},"end":{"line":58,"column":51}},{"start":{"line":59,"column":28},"end":{"line":59,"column":56}},{"start":{"line":60,"column":32},"end":{"line":60,"column":76}}],"line":57},"6":{"loc":{"start":{"line":62,"column":25},"end":{"line":73,"column":30}},"type":"binary-expr","locations":[{"start":{"line":62,"column":25},"end":{"line":62,"column":37}},{"start":{"line":63,"column":28},"end":{"line":63,"column":51}},{"start":{"line":64,"column":28},"end":{"line":64,"column":55}},{"start":{"line":65,"column":28},"end":{"line":73,"column":30}}],"line":62},"7":{"loc":{"start":{"line":74,"column":25},"end":{"line":85,"column":30}},"type":"binary-expr","locations":[{"start":{"line":74,"column":25},"end":{"line":74,"column":37}},{"start":{"line":75,"column":28},"end":{"line":75,"column":64}},{"start":{"line":76,"column":28},"end":{"line":76,"column":52}},{"start":{"line":77,"column":28},"end":{"line":85,"column":30}}],"line":74},"8":{"loc":{"start":{"line":118,"column":29},"end":{"line":128,"column":29}},"type":"binary-expr","locations":[{"start":{"line":118,"column":29},"end":{"line":118,"column":42}},{"start":{"line":119,"column":32},"end":{"line":127,"column":39}}],"line":118}},"s":{"0":1,"1":94,"2":94,"3":94,"4":94,"5":21,"6":21,"7":5,"8":16,"9":94,"10":1,"11":94,"12":94,"13":94,"14":11,"15":4,"16":4,"17":2,"18":0,"19":0,"20":7,"21":94,"22":13,"23":1},"f":{"0":94,"1":21,"2":1,"3":11,"4":2,"5":0,"6":0,"7":13},"b":{"0":[5,16],"1":[94,0],"2":[4,7],"3":[11,11,7],"4":[4,0,0],"5":[4,4,4,4],"6":[4,4,4,0],"7":[4,4,4,0],"8":[94,4]},"_coverageSchema":"43e27e138ebf9cfc5966b082cf9a028302ed4184","hash":"290877a8b49e999f0b67cfbdf3a65e438629b554"}
}
