TN:
SF:D:\iCargo Neo Repo - Filter\icargo-neo-client-framework\packages\common\filter\src\index.js
FN:12,Filter
FN:27,(anonymous_1)
FN:30,(anonymous_2)
FN:43,(anonymous_3)
FN:51,(anonymous_4)
FN:60,(anonymous_5)
FN:74,(anonymous_6)
FN:81,(anonymous_7)
FN:86,(anonymous_8)
FN:100,(anonymous_9)
FN:107,(anonymous_10)
FN:110,(anonymous_11)
FN:117,(anonymous_12)
FN:134,(anonymous_13)
FN:158,(anonymous_14)
FN:161,(anonymous_15)
FN:170,(anonymous_16)
FN:218,(anonymous_17)
FN:239,(anonymous_18)
FN:247,(anonymous_19)
FN:285,(anonymous_20)
FN:286,(anonymous_21)
FN:288,(anonymous_22)
FN:292,(anonymous_23)
FN:294,(anonymous_24)
FN:311,(anonymous_25)
FN:313,(anonymous_26)
FN:334,(anonymous_27)
FN:353,(anonymous_28)
FN:386,(anonymous_29)
FNF:30
FNH:30
FNDA:91,Filter
FNDA:15,(anonymous_1)
FNDA:36,(anonymous_2)
FNDA:15,(anonymous_3)
FNDA:4,(anonymous_4)
FNDA:5,(anonymous_5)
FNDA:5,(anonymous_6)
FNDA:7,(anonymous_7)
FNDA:7,(anonymous_8)
FNDA:1,(anonymous_9)
FNDA:21,(anonymous_10)
FNDA:10,(anonymous_11)
FNDA:1,(anonymous_12)
FNDA:4,(anonymous_13)
FNDA:84,(anonymous_14)
FNDA:20,(anonymous_15)
FNDA:1,(anonymous_16)
FNDA:12,(anonymous_17)
FNDA:252,(anonymous_18)
FNDA:17,(anonymous_19)
FNDA:2,(anonymous_20)
FNDA:2,(anonymous_21)
FNDA:42,(anonymous_22)
FNDA:21,(anonymous_23)
FNDA:5,(anonymous_24)
FNDA:2,(anonymous_25)
FNDA:4,(anonymous_26)
FNDA:5,(anonymous_27)
FNDA:4,(anonymous_28)
FNDA:7,(anonymous_29)
DA:13,91
DA:14,91
DA:15,91
DA:16,91
DA:17,91
DA:18,91
DA:19,91
DA:20,91
DA:21,91
DA:24,91
DA:25,91
DA:27,91
DA:28,15
DA:30,91
DA:31,36
DA:32,36
DA:33,36
DA:35,36
DA:36,18
DA:43,91
DA:45,15
DA:51,91
DA:53,4
DA:60,91
DA:61,5
DA:62,1
DA:63,1
DA:65,4
DA:74,91
DA:75,5
DA:76,5
DA:78,5
DA:81,5
DA:82,7
DA:84,5
DA:85,5
DA:86,5
DA:87,7
DA:88,7
DA:91,5
DA:92,5
DA:100,91
DA:101,1
DA:102,1
DA:103,1
DA:104,1
DA:107,1
DA:108,21
DA:109,21
DA:110,2
DA:111,10
DA:115,1
DA:116,1
DA:117,1
DA:118,1
DA:134,91
DA:144,4
DA:145,4
DA:146,4
DA:147,4
DA:148,4
DA:150,4
DA:151,4
DA:158,4
DA:159,84
DA:160,4
DA:161,4
DA:162,20
DA:163,4
DA:168,4
DA:169,1
DA:170,1
DA:172,1
DA:173,1
DA:189,3
DA:204,4
DA:218,91
DA:227,12
DA:228,12
DA:229,12
DA:230,12
DA:231,12
DA:239,12
DA:240,252
DA:241,12
DA:244,12
DA:245,12
DA:246,7
DA:247,17
DA:249,7
DA:250,6
DA:265,5
DA:279,12
DA:285,91
DA:286,2
DA:287,2
DA:288,2
DA:289,42
DA:291,2
DA:292,1
DA:293,21
DA:294,1
DA:295,5
DA:296,1
DA:302,2
DA:303,2
DA:304,2
DA:311,91
DA:312,2
DA:313,2
DA:314,4
DA:315,2
DA:316,1
DA:318,1
DA:320,2
DA:321,1
DA:323,1
DA:327,2
DA:334,91
DA:335,5
DA:338,5
DA:344,4
DA:346,5
DA:353,91
DA:354,4
DA:357,4
DA:358,3
DA:368,3
DA:369,3
DA:371,1
DA:377,1
DA:379,4
DA:386,91
DA:387,7
DA:390,7
DA:400,7
DA:401,6
DA:402,1
DA:403,1
DA:405,5
DA:406,5
DA:409,1
DA:414,7
DA:417,91
DA:468,1
LF:145
LH:145
BRDA:35,0,0,18
BRDA:35,0,1,18
BRDA:61,1,0,1
BRDA:61,1,1,4
BRDA:87,2,0,7
BRDA:87,2,1,0
BRDA:87,3,0,7
BRDA:87,3,1,0
BRDA:91,4,0,5
BRDA:91,4,1,0
BRDA:109,5,0,2
BRDA:109,5,1,19
BRDA:159,6,0,4
BRDA:159,6,1,80
BRDA:162,7,0,4
BRDA:162,7,1,16
BRDA:168,8,0,1
BRDA:168,8,1,3
BRDA:170,9,0,1
BRDA:170,9,1,1
BRDA:172,10,0,1
BRDA:172,10,1,0
BRDA:240,11,0,12
BRDA:240,11,1,240
BRDA:245,12,0,7
BRDA:245,12,1,5
BRDA:247,13,0,17
BRDA:247,13,1,1
BRDA:249,14,0,6
BRDA:249,14,1,1
BRDA:287,15,0,2
BRDA:287,15,1,0
BRDA:289,16,0,2
BRDA:289,16,1,40
BRDA:291,17,0,1
BRDA:291,17,1,1
BRDA:293,18,0,1
BRDA:293,18,1,20
BRDA:295,19,0,1
BRDA:295,19,1,4
BRDA:314,20,0,2
BRDA:314,20,1,2
BRDA:315,21,0,1
BRDA:315,21,1,1
BRDA:320,22,0,1
BRDA:320,22,1,1
BRDA:338,23,0,4
BRDA:338,23,1,1
BRDA:357,24,0,3
BRDA:357,24,1,1
BRDA:358,25,0,3
BRDA:358,25,1,0
BRDA:359,26,0,3
BRDA:359,26,1,3
BRDA:371,27,0,1
BRDA:371,27,1,0
BRDA:390,28,0,7
BRDA:390,28,1,0
BRDA:391,29,0,7
BRDA:391,29,1,7
BRDA:400,30,0,6
BRDA:400,30,1,1
BRDA:401,31,0,1
BRDA:401,31,1,5
BRDA:419,32,0,91
BRDA:419,32,1,58
BRF:66
BRH:58
end_of_record
TN:
SF:D:\iCargo Neo Repo - Filter\icargo-neo-client-framework\packages\common\filter\src\Component\FilterForm.js
FN:9,(anonymous_0)
FN:11,(anonymous_1)
FN:18,(anonymous_2)
FN:28,(anonymous_3)
FN:40,(anonymous_4)
FNF:5
FNH:5
FNDA:76,(anonymous_0)
FNDA:36,(anonymous_1)
FNDA:65,(anonymous_2)
FNDA:2,(anonymous_3)
FNDA:2,(anonymous_4)
DA:9,1
DA:10,76
DA:11,76
DA:12,36
DA:13,36
DA:14,36
DA:18,76
DA:19,65
DA:20,65
DA:29,2
DA:41,2
DA:69,76
DA:72,1
LF:13
LH:13
BRDA:12,0,0,36
BRDA:12,0,1,0
BRDA:25,1,0,65
BRDA:25,1,1,65
BRDA:25,1,2,43
BRF:5
BRH:4
end_of_record
TN:
SF:D:\iCargo Neo Repo - Filter\icargo-neo-client-framework\packages\common\filter\src\Utilities\ClickAwayListener.js
FN:9,useClickAwayListener
FN:10,(anonymous_1)
FN:14,handleClickOutside
FN:21,(anonymous_3)
FN:31,ClickAwayListener
FNF:5
FNH:4
FNDA:87,useClickAwayListener
FNDA:15,(anonymous_1)
FNDA:0,handleClickOutside
FNDA:15,(anonymous_3)
FNDA:87,ClickAwayListener
DA:10,87
DA:15,0
DA:16,0
DA:20,15
DA:21,15
DA:23,15
DA:32,87
DA:34,87
DA:36,87
DA:39,1
LF:10
LH:8
BRDA:15,0,0,0
BRDA:15,0,1,0
BRDA:15,1,0,0
BRDA:15,1,1,0
BRF:4
BRH:0
end_of_record
TN:
SF:D:\iCargo Neo Repo - Filter\icargo-neo-client-framework\packages\common\filter\src\Utilities\SvgUtilities.js
FN:5,(anonymous_0)
FN:8,(anonymous_1)
FN:12,(anonymous_2)
FN:27,(anonymous_3)
FN:42,(anonymous_4)
FN:60,(anonymous_5)
FNF:6
FNH:6
FNDA:188,(anonymous_0)
FNDA:94,(anonymous_1)
FNDA:65,(anonymous_2)
FNDA:58,(anonymous_3)
FNDA:94,(anonymous_4)
FNDA:65,(anonymous_5)
DA:5,1
DA:6,188
DA:8,1
DA:9,94
DA:12,1
DA:13,65
DA:27,1
DA:28,58
DA:42,1
DA:43,94
DA:60,1
DA:61,65
LF:12
LH:12
BRF:0
BRH:0
end_of_record
TN:
SF:D:\iCargo Neo Repo - Filter\icargo-neo-client-framework\packages\common\filter\src\drawer\LeftDrawer.js
FN:12,LeftDrawer
FN:16,(anonymous_1)
FN:20,(anonymous_2)
FN:22,(anonymous_3)
FN:32,(anonymous_4)
FN:37,(anonymous_5)
FN:47,(anonymous_6)
FN:58,(anonymous_7)
FN:67,(anonymous_8)
FN:97,(anonymous_9)
FN:106,(anonymous_10)
FN:126,(anonymous_11)
FN:135,(anonymous_12)
FNF:13
FNH:13
FNDA:70,LeftDrawer
FNDA:15,(anonymous_1)
FNDA:315,(anonymous_2)
FNDA:150,(anonymous_3)
FNDA:1,(anonymous_4)
FNDA:21,(anonymous_5)
FNDA:1136,(anonymous_6)
FNDA:540,(anonymous_7)
FNDA:4,(anonymous_8)
FNDA:1136,(anonymous_9)
FNDA:5,(anonymous_10)
FNDA:1136,(anonymous_11)
FNDA:7,(anonymous_12)
DA:13,70
DA:14,70
DA:16,70
DA:17,15
DA:18,15
DA:19,15
DA:20,15
DA:21,315
DA:22,30
DA:23,150
DA:32,70
DA:33,1
DA:35,1
DA:36,1
DA:37,1
DA:38,21
DA:44,1
DA:47,70
DA:48,1136
DA:49,108
DA:59,540
DA:68,4
DA:78,4
DA:95,1028
DA:97,70
DA:98,1136
DA:99,54
DA:107,5
DA:116,5
DA:124,1082
DA:126,70
DA:127,1136
DA:128,974
DA:136,7
DA:145,7
DA:153,162
DA:155,70
DA:175,1
LF:38
LH:38
BRDA:21,0,0,30
BRDA:21,0,1,285
BRDA:36,1,0,1
BRDA:36,1,1,0
BRDA:39,2,0,21
BRDA:39,2,1,21
BRDA:48,3,0,108
BRDA:48,3,1,1028
BRDA:57,4,0,108
BRDA:57,4,1,108
BRDA:98,5,0,54
BRDA:98,5,1,1082
BRDA:127,6,0,974
BRDA:127,6,1,162
BRDA:127,7,0,1136
BRDA:127,7,1,1028
BRF:16
BRH:15
end_of_record
TN:
SF:D:\iCargo Neo Repo - Filter\icargo-neo-client-framework\packages\common\filter\src\drawer\RightDrawer.js
FN:11,(anonymous_0)
FN:22,(anonymous_1)
FN:27,(anonymous_2)
FN:90,(anonymous_3)
FN:101,(anonymous_4)
FN:133,(anonymous_5)
FNF:6
FNH:6
FNDA:58,(anonymous_0)
FNDA:15,(anonymous_1)
FNDA:16,(anonymous_2)
FNDA:1,(anonymous_3)
FNDA:5,(anonymous_4)
FNDA:54,(anonymous_5)
DA:11,1
DA:12,58
DA:13,58
DA:14,58
DA:18,58
DA:19,58
DA:20,58
DA:22,58
DA:23,15
DA:24,15
DA:27,58
DA:28,16
DA:29,16
DA:32,58
DA:91,1
DA:102,5
DA:115,1
DA:133,54
LF:18
LH:18
BRF:0
BRH:0
end_of_record
TN:
SF:D:\iCargo Neo Repo - Filter\icargo-neo-client-framework\packages\common\filter\src\dynamicImport\addPackages.js
FNF:0
FNH:0
LF:0
LH:0
BRF:0
BRH:0
end_of_record
TN:
SF:D:\iCargo Neo Repo - Filter\icargo-neo-client-framework\packages\common\filter\src\dynamicImport\dynamicImportProcessor.js
FN:6,(anonymous_0)
FN:7,(anonymous_1)
FNF:2
FNH:2
FNDA:8,(anonymous_0)
FNDA:8,(anonymous_1)
DA:4,1
DA:5,1
DA:6,9
DA:7,8
LF:4
LH:4
BRF:0
BRH:0
end_of_record
TN:
SF:D:\iCargo Neo Repo - Filter\icargo-neo-client-framework\packages\common\filter\src\panel\MainFilterPanel.js
FN:10,(anonymous_0)
FN:14,(anonymous_1)
FN:26,(anonymous_2)
FN:33,(anonymous_3)
FN:46,(anonymous_4)
FN:65,(anonymous_5)
FN:77,(anonymous_6)
FN:140,(anonymous_7)
FNF:8
FNH:6
FNDA:94,(anonymous_0)
FNDA:21,(anonymous_1)
FNDA:1,(anonymous_2)
FNDA:11,(anonymous_3)
FNDA:2,(anonymous_4)
FNDA:0,(anonymous_5)
FNDA:0,(anonymous_6)
FNDA:13,(anonymous_7)
DA:10,1
DA:11,94
DA:12,94
DA:13,94
DA:14,94
DA:15,21
DA:16,21
DA:17,5
DA:19,16
DA:26,94
DA:27,1
DA:30,94
DA:31,94
DA:33,94
DA:34,11
DA:39,4
DA:40,4
DA:47,2
DA:66,0
DA:78,0
DA:89,7
DA:93,94
DA:141,13
DA:155,1
LF:24
LH:22
BRDA:16,0,0,5
BRDA:16,0,1,16
BRDA:30,1,0,94
BRDA:30,1,1,0
BRDA:34,2,0,4
BRDA:34,2,1,7
BRDA:35,3,0,11
BRDA:35,3,1,11
BRDA:35,3,2,7
BRDA:51,4,0,4
BRDA:51,4,1,0
BRDA:51,4,2,0
BRDA:57,5,0,4
BRDA:57,5,1,4
BRDA:57,5,2,4
BRDA:57,5,3,4
BRDA:62,6,0,4
BRDA:62,6,1,4
BRDA:62,6,2,4
BRDA:62,6,3,0
BRDA:74,7,0,4
BRDA:74,7,1,4
BRDA:74,7,2,4
BRDA:74,7,3,0
BRDA:118,8,0,94
BRDA:118,8,1,4
BRF:26
BRH:21
end_of_record
